Vivado Simulator 2017.4
Copyright 1986-1999, 2001-2016 Xilinx, Inc. All Rights Reserved.
Running: D:/LUCIFER/Vivado/2017.4/bin/unwrapped/win64.o/xelab.exe -wto f1ec9f782f4849069fd923ff5bdc1511 --incr --debug typical --relax --mt 2 -L xil_defaultlib -L secureip --snapshot tb_TEST_behav xil_defaultlib.tb_TEST -log elaborate.log 
Using 2 slave threads.
Starting static elaboration
Completed static elaboration
Starting simulation data flow analysis
Completed simulation data flow analysis
Time Resolution for simulation is 1ps
Compiling package std.standard
Compiling package std.textio
Compiling package ieee.std_logic_1164
Compiling package ieee.std_logic_arith
Compiling package ieee.std_logic_unsigned
Compiling package ieee.std_logic_signed
Compiling package ieee.numeric_std
Compiling architecture behavioral of entity xil_defaultlib.FIFO [fifo_default]
Compiling architecture behavioral of entity xil_defaultlib.Mux_8 [mux_8_default]
Compiling architecture behavioral of entity xil_defaultlib.MuxExt [muxext_default]
Compiling architecture behavioral of entity xil_defaultlib.reg_file [reg_file_default]
Compiling architecture behavioral of entity xil_defaultlib.tb_test
Built simulation snapshot tb_TEST_behav
