INFO: [VRFC 10-163] Analyzing VHDL file "C:/Users/andry/Desktop/Digitale/Vivado/ConvSimd_FINAL/ConvSimd/ConvSimd.srcs/sources_1/ip/Mem_out/Mem_out_sim_netlist.vhdl" into library xil_defaultlib
INFO: [VRFC 10-307] analyzing entity Mem_out_blk_mem_gen_prim_wrapper
INFO: [VRFC 10-307] analyzing entity \Mem_out_blk_mem_gen_prim_wrapper__parameterized0\
INFO: [VRFC 10-307] analyzing entity \Mem_out_blk_mem_gen_prim_wrapper__parameterized1\
INFO: [VRFC 10-307] analyzing entity \Mem_out_blk_mem_gen_prim_wrapper__parameterized2\
INFO: [VRFC 10-307] analyzing entity Mem_out_blk_mem_gen_prim_width
INFO: [VRFC 10-307] analyzing entity \Mem_out_blk_mem_gen_prim_width__parameterized0\
INFO: [VRFC 10-307] analyzing entity \Mem_out_blk_mem_gen_prim_width__parameterized1\
INFO: [VRFC 10-307] analyzing entity \Mem_out_blk_mem_gen_prim_width__parameterized2\
INFO: [VRFC 10-307] analyzing entity Mem_out_blk_mem_gen_generic_cstr
INFO: [VRFC 10-307] analyzing entity Mem_out_blk_mem_gen_top
INFO: [VRFC 10-307] analyzing entity Mem_out_blk_mem_gen_v8_4_1_synth
INFO: [VRFC 10-307] analyzing entity Mem_out_blk_mem_gen_v8_4_1
INFO: [VRFC 10-307] analyzing entity Mem_out
INFO: [VRFC 10-163] Analyzing VHDL file "C:/Users/andry/Desktop/Digitale/Vivado/ConvSimd_FINAL/ConvSimd/ConvSimd.srcs/sources_1/ip/Memory_in/Memory_in_sim_netlist.vhdl" into library xil_defaultlib
INFO: [VRFC 10-307] analyzing entity Memory_in_blk_mem_gen_prim_wrapper_init
INFO: [VRFC 10-307] analyzing entity \Memory_in_blk_mem_gen_prim_wrapper_init__parameterized0\
INFO: [VRFC 10-307] analyzing entity Memory_in_blk_mem_gen_prim_width
INFO: [VRFC 10-307] analyzing entity \Memory_in_blk_mem_gen_prim_width__parameterized0\
INFO: [VRFC 10-307] analyzing entity Memory_in_blk_mem_gen_generic_cstr
INFO: [VRFC 10-307] analyzing entity Memory_in_blk_mem_gen_top
INFO: [VRFC 10-307] analyzing entity Memory_in_blk_mem_gen_v8_4_1_synth
INFO: [VRFC 10-307] analyzing entity Memory_in_blk_mem_gen_v8_4_1
INFO: [VRFC 10-307] analyzing entity Memory_in
INFO: [VRFC 10-163] Analyzing VHDL file "C:/Users/andry/Desktop/Digitale/Vivado/ConvSimd_FINAL/ConvSimd/ConvSimd.srcs/sources_1/new/CONV_SIMD_3X3.vhd" into library xil_defaultlib
INFO: [VRFC 10-307] analyzing entity CONV_SIMD_3X3
INFO: [VRFC 10-163] Analyzing VHDL file "C:/Users/andry/Desktop/Digitale/Vivado/ConvSimd_FINAL/ConvSimd/ConvSimd.srcs/sources_1/new/FA.vhd" into library xil_defaultlib
INFO: [VRFC 10-307] analyzing entity FA
INFO: [VRFC 10-163] Analyzing VHDL file "C:/Users/andry/Desktop/Digitale/Vivado/ConvSimd_FINAL/ConvSimd/ConvSimd.srcs/sources_1/new/FIFO.vhd" into library xil_defaultlib
INFO: [VRFC 10-307] analyzing entity FIFO
INFO: [VRFC 10-163] Analyzing VHDL file "C:/Users/andry/Desktop/Digitale/Vivado/ConvSimd_FINAL/ConvSimd/ConvSimd.srcs/sources_1/new/FSM.vhd" into library xil_defaultlib
INFO: [VRFC 10-307] analyzing entity FSM
INFO: [VRFC 10-163] Analyzing VHDL file "C:/Users/andry/Desktop/Digitale/Vivado/ConvSimd_FINAL/ConvSimd/ConvSimd.srcs/sources_1/new/MULT_SIMD3X3.vhd" into library xil_defaultlib
INFO: [VRFC 10-307] analyzing entity MULT_SIMD3X3
INFO: [VRFC 10-163] Analyzing VHDL file "C:/Users/andry/Desktop/Digitale/Vivado/ConvSimd_FINAL/ConvSimd/ConvSimd.srcs/sources_1/new/MUX13.vhd" into library xil_defaultlib
INFO: [VRFC 10-307] analyzing entity Mux13
INFO: [VRFC 10-163] Analyzing VHDL file "C:/Users/andry/Desktop/Digitale/Vivado/ConvSimd_FINAL/ConvSimd/ConvSimd.srcs/sources_1/new/MUX9.vhd" into library xil_defaultlib
INFO: [VRFC 10-307] analyzing entity Mux9
INFO: [VRFC 10-163] Analyzing VHDL file "C:/Users/andry/Desktop/Digitale/Vivado/ConvSimd_FINAL/ConvSimd/ConvSimd.srcs/sources_1/new/Mux12.vhd" into library xil_defaultlib
INFO: [VRFC 10-307] analyzing entity Mux12
INFO: [VRFC 10-163] Analyzing VHDL file "C:/Users/andry/Desktop/Digitale/Vivado/ConvSimd_FINAL/ConvSimd/ConvSimd.srcs/sources_1/new/MuxExt.vhd" into library xil_defaultlib
INFO: [VRFC 10-307] analyzing entity MuxExt
INFO: [VRFC 10-163] Analyzing VHDL file "C:/Users/andry/Desktop/Digitale/Vivado/ConvSimd_FINAL/ConvSimd/ConvSimd.srcs/sources_1/new/Mux_8.vhd" into library xil_defaultlib
INFO: [VRFC 10-307] analyzing entity Mux_8
INFO: [VRFC 10-163] Analyzing VHDL file "C:/Users/andry/Desktop/Digitale/Vivado/ConvSimd_FINAL/ConvSimd/ConvSimd.srcs/sources_1/new/RCA_24.vhd" into library xil_defaultlib
INFO: [VRFC 10-307] analyzing entity RCA_24
INFO: [VRFC 10-163] Analyzing VHDL file "C:/Users/andry/Desktop/Digitale/Vivado/ConvSimd_FINAL/ConvSimd/ConvSimd.srcs/sources_1/new/W2F.vhd" into library xil_defaultlib
INFO: [VRFC 10-307] analyzing entity W2F
INFO: [VRFC 10-163] Analyzing VHDL file "C:/Users/andry/Desktop/Digitale/Vivado/ConvSimd_FINAL/ConvSimd/ConvSimd.srcs/sources_1/new/adder_level_1.vhd" into library xil_defaultlib
INFO: [VRFC 10-307] analyzing entity adder_level_1
INFO: [VRFC 10-163] Analyzing VHDL file "C:/Users/andry/Desktop/Digitale/Vivado/ConvSimd_FINAL/ConvSimd/ConvSimd.srcs/sources_1/new/adder_level_2.vhd" into library xil_defaultlib
INFO: [VRFC 10-307] analyzing entity adder_level_2
INFO: [VRFC 10-163] Analyzing VHDL file "C:/Users/andry/Desktop/Digitale/Vivado/ConvSimd_FINAL/ConvSimd/ConvSimd.srcs/sources_1/new/adder_level_4.vhd" into library xil_defaultlib
INFO: [VRFC 10-307] analyzing entity adder_level_4
INFO: [VRFC 10-163] Analyzing VHDL file "C:/Users/andry/Desktop/Digitale/Vivado/ConvSimd_FINAL/ConvSimd/ConvSimd.srcs/sources_1/new/adder_lever_3.vhd" into library xil_defaultlib
INFO: [VRFC 10-307] analyzing entity adder_level_3
INFO: [VRFC 10-163] Analyzing VHDL file "C:/Users/andry/Desktop/Digitale/Vivado/ConvSimd_FINAL/ConvSimd/ConvSimd.srcs/sources_1/new/mux1.vhd" into library xil_defaultlib
INFO: [VRFC 10-307] analyzing entity mux1
INFO: [VRFC 10-163] Analyzing VHDL file "C:/Users/andry/Desktop/Digitale/Vivado/ConvSimd_FINAL/ConvSimd/ConvSimd.srcs/sources_1/new/mux11.vhd" into library xil_defaultlib
INFO: [VRFC 10-307] analyzing entity Mux11
INFO: [VRFC 10-163] Analyzing VHDL file "C:/Users/andry/Desktop/Digitale/Vivado/ConvSimd_FINAL/ConvSimd/ConvSimd.srcs/sources_1/new/mux14.vhd" into library xil_defaultlib
INFO: [VRFC 10-307] analyzing entity Mux14
INFO: [VRFC 10-163] Analyzing VHDL file "C:/Users/andry/Desktop/Digitale/Vivado/ConvSimd_FINAL/ConvSimd/ConvSimd.srcs/sources_1/new/mux20.vhd" into library xil_defaultlib
INFO: [VRFC 10-307] analyzing entity Mux20
INFO: [VRFC 10-163] Analyzing VHDL file "C:/Users/andry/Desktop/Digitale/Vivado/ConvSimd_FINAL/ConvSimd/ConvSimd.srcs/sources_1/new/mux32.vhd" into library xil_defaultlib
INFO: [VRFC 10-307] analyzing entity Mux32
INFO: [VRFC 10-163] Analyzing VHDL file "C:/Users/andry/Desktop/Digitale/Vivado/ConvSimd_FINAL/ConvSimd/ConvSimd.srcs/sources_1/new/pixel_final_sum.vhd" into library xil_defaultlib
INFO: [VRFC 10-307] analyzing entity pixel_final_sum
INFO: [VRFC 10-163] Analyzing VHDL file "C:/Users/andry/Desktop/Digitale/Vivado/ConvSimd_FINAL/ConvSimd/ConvSimd.srcs/sources_1/new/reg_file.vhd" into library xil_defaultlib
INFO: [VRFC 10-307] analyzing entity reg_file
INFO: [VRFC 10-163] Analyzing VHDL file "C:/Users/andry/Desktop/Digitale/Vivado/ConvSimd_FINAL/ConvSimd/ConvSimd.srcs/sim_1/new/TB_final.vhd" into library xil_defaultlib
INFO: [VRFC 10-307] analyzing entity TB_final
