Copyright 1986-2017 Xilinx, Inc. All Rights Reserved.
------------------------------------------------------------------------------------------
| Tool Version : Vivado v.2017.4 (win64) Build 2086221 Fri Dec 15 20:55:39 MST 2017
| Date         : Sun Oct 31 10:59:43 2021
| Host         : Andrea-Desktop running 64-bit major release  (build 9200)
| Command      : report_control_sets -verbose -file CONV_SIMD_3X3_control_sets_placed.rpt
| Design       : CONV_SIMD_3X3
| Device       : xc7a100t
------------------------------------------------------------------------------------------

Control Set Information

Table of Contents
-----------------
1. Summary
2. Flip-Flop Distribution
3. Detailed Control Set Information

1. Summary
----------

+----------------------------------------------------------+-------+
|                          Status                          | Count |
+----------------------------------------------------------+-------+
| Number of unique control sets                            |    10 |
| Unused register locations in slices containing registers |    33 |
+----------------------------------------------------------+-------+


2. Flip-Flop Distribution
-------------------------

+--------------+-----------------------+------------------------+-----------------+--------------+
| Clock Enable | Synchronous Set/Reset | Asynchronous Set/Reset | Total Registers | Total Slices |
+--------------+-----------------------+------------------------+-----------------+--------------+
| No           | No                    | No                     |               8 |            3 |
| No           | No                    | Yes                    |               0 |            0 |
| No           | Yes                   | No                     |               2 |            1 |
| Yes          | No                    | No                     |              72 |           29 |
| Yes          | No                    | Yes                    |               0 |            0 |
| Yes          | Yes                   | No                     |            2469 |          570 |
+--------------+-----------------------+------------------------+-----------------+--------------+


3. Detailed Control Set Information
-----------------------------------

+----------------+------------------------------------------+------------------------------------------+------------------+----------------+
|  Clock Signal  |               Enable Signal              |             Set/Reset Signal             | Slice Load Count | Bel Load Count |
+----------------+------------------------------------------+------------------------------------------+------------------+----------------+
|  CLK_IBUF_BUFG | CONTROL_UNIT/VALID_s_i_1_n_0             | RST_IBUF                                 |                1 |              1 |
|  CLK_IBUF_BUFG |                                          | RST_IBUF                                 |                1 |              2 |
|  CLK_IBUF_BUFG | CONTROL_UNIT/colonna                     | CONTROL_UNIT/colonna[4]_i_1_n_0          |                2 |              5 |
|  CLK_IBUF_BUFG | CONTROL_UNIT/riga                        | CONTROL_UNIT/riga[5]_i_1_n_0             |                2 |              6 |
|  CLK_IBUF_BUFG |                                          |                                          |                3 |              8 |
|  CLK_IBUF_BUFG | CONTROL_UNIT/PADDING[7]_i_1_n_0          | RST_IBUF                                 |                3 |              8 |
|  CLK_IBUF_BUFG | CONTROL_UNIT/address_mem_out[11]_i_2_n_0 | CONTROL_UNIT/address_mem_out[11]_i_1_n_0 |                4 |             12 |
|  CLK_IBUF_BUFG | CONTROL_UNIT/p_0_in                      | CONTROL_UNIT/address_mem_in[11]_i_1_n_0  |                4 |             12 |
|  CLK_IBUF_BUFG | CONTROL_UNIT/CE_c                        |                                          |               58 |            176 |
|  CLK_IBUF_BUFG | CONTROL_UNIT/CE_c                        | CONTROL_UNIT/RST_c                       |              554 |           2425 |
+----------------+------------------------------------------+------------------------------------------+------------------+----------------+


+--------+-----------------------+
| Fanout | Number of ControlSets |
+--------+-----------------------+
| 1      |                     1 |
| 2      |                     1 |
| 5      |                     1 |
| 6      |                     1 |
| 8      |                     2 |
| 12     |                     2 |
| 16+    |                     2 |
+--------+-----------------------+


