Exception at PC 0x00007FF96E313E49
Exception at PC 0x00007FF96E313E49
Exception at PC 0x00007FF96E313E49
Exception at PC 0x00007FF96E313E49
Unable to capture context for thread 11576 in process 12340, can not generate back trace
Unable to capture context for thread 2328 in process 12340, can not generate back trace
Unable to capture context for thread 4396 in process 12340, can not generate back trace
Exception at PC 0x00007FF8CECFE132
Attemped to write at address 0x00007FF903844AA4
Printing stacktrace...

[0]  [0x00007FF8CECFE132]
[1]  [0x00007FF8CECFE132]
[2]  [0x00007FF8CECFE194]
[3]  [0x00007FF8CE94D0D7]
[4]  [0x00007FF8CE832BCA]
[5]  [0x00007FF8CE832FD1]
[6]  [0x00007FF8CECFEB2F]
[7]  [0x00007FF8CEBBC19D]
[8]  [0x00007FF8CEBB5942]
[9]  [0x00007FF8CEBB5AB5]
[10] (RtlActivateActivationContextUnsafeFast+0x11d) [0x00007FF970667BAD]
[11] (LdrShutdownProcess+0x141) [0x00007FF970693D51]
[12] (RtlExitUserProcess+0xad) [0x00007FF970693BED]
[13] (ExitProcess+0xb) [0x00007FF96FC2E04B]
[14] (exit+0x85) [0x00007FF96E7FA155]
[15] (initterm_e+0x245) [0x00007FF96E7FA7C5]
[16]  [0x00000000004014CD]
[17]  [0x000000000040151B]
[18] (BaseThreadInitThunk+0x14) [0x00007FF96FC26FD4]
[19] (RtlUserThreadStart+0x21) [0x00007FF97067CF31]
Done
