INFO: [VRFC 10-2263] Analyzing Verilog file "C:/Users/andry/Desktop/Digitale/Vivado/ConvSimd_FINAL/ConvSimd/ConvSimd.sim/sim_1/impl/timing/xsim/TB_final_time_impl.v" into library xil_defaultlib
INFO: [VRFC 10-311] analyzing module CONV_SIMD_3X3
INFO: [VRFC 10-311] analyzing module FIFO
INFO: [VRFC 10-311] analyzing module FIFO_0
INFO: [VRFC 10-311] analyzing module FSM
INFO: [VRFC 10-311] analyzing module MULT_SIMD3X3
INFO: [VRFC 10-311] analyzing module MULT_SIMD3X3_2
INFO: [VRFC 10-311] analyzing module MULT_SIMD3X3_3
INFO: [VRFC 10-311] analyzing module MULT_SIMD3X3_4
INFO: [VRFC 10-311] analyzing module MULT_SIMD3X3_5
INFO: [VRFC 10-311] analyzing module MULT_SIMD3X3_6
INFO: [VRFC 10-311] analyzing module MULT_SIMD3X3_7
INFO: [VRFC 10-311] analyzing module MULT_SIMD3X3_8
INFO: [VRFC 10-311] analyzing module MULT_SIMD3X3_9
INFO: [VRFC 10-311] analyzing module Mem_out
INFO: [VRFC 10-311] analyzing module Memory_in
INFO: [VRFC 10-311] analyzing module Mux20
INFO: [VRFC 10-311] analyzing module Mux20_10
INFO: [VRFC 10-311] analyzing module Mux20_11
INFO: [VRFC 10-311] analyzing module Mux20_12
INFO: [VRFC 10-311] analyzing module Mux20_13
INFO: [VRFC 10-311] analyzing module Mux20_14
INFO: [VRFC 10-311] analyzing module Mux20_15
INFO: [VRFC 10-311] analyzing module Mux20_16
INFO: [VRFC 10-311] analyzing module Mux20_17
INFO: [VRFC 10-311] analyzing module Mux20_18
INFO: [VRFC 10-311] analyzing module Mux20_19
INFO: [VRFC 10-311] analyzing module Mux20_20
INFO: [VRFC 10-311] analyzing module Mux20_21
INFO: [VRFC 10-311] analyzing module Mux20_22
INFO: [VRFC 10-311] analyzing module Mux20_23
INFO: [VRFC 10-311] analyzing module Mux20_24
INFO: [VRFC 10-311] analyzing module Mux20_25
INFO: [VRFC 10-311] analyzing module Mux20_26
INFO: [VRFC 10-311] analyzing module Mux20_27
INFO: [VRFC 10-311] analyzing module Mux20_28
INFO: [VRFC 10-311] analyzing module Mux20_29
INFO: [VRFC 10-311] analyzing module Mux20_30
INFO: [VRFC 10-311] analyzing module Mux20_31
INFO: [VRFC 10-311] analyzing module Mux20_32
INFO: [VRFC 10-311] analyzing module Mux20_33
INFO: [VRFC 10-311] analyzing module Mux20_34
INFO: [VRFC 10-311] analyzing module Mux20_35
INFO: [VRFC 10-311] analyzing module Mux20_36
INFO: [VRFC 10-311] analyzing module Mux20_37
INFO: [VRFC 10-311] analyzing module Mux20_38
INFO: [VRFC 10-311] analyzing module Mux20_39
INFO: [VRFC 10-311] analyzing module Mux20_40
INFO: [VRFC 10-311] analyzing module Mux20_41
INFO: [VRFC 10-311] analyzing module Mux20_42
INFO: [VRFC 10-311] analyzing module Mux20_43
INFO: [VRFC 10-311] analyzing module Mux20_44
INFO: [VRFC 10-311] analyzing module MuxExt
INFO: [VRFC 10-311] analyzing module MuxExt_1
INFO: [VRFC 10-311] analyzing module pixel_final_sum
INFO: [VRFC 10-311] analyzing module reg_file
INFO: [VRFC 10-311] analyzing module Mem_out_blk_mem_gen_generic_cstr
INFO: [VRFC 10-311] analyzing module Mem_out_blk_mem_gen_prim_width
INFO: [VRFC 10-311] analyzing module Mem_out_blk_mem_gen_prim_width__parameterized0
INFO: [VRFC 10-311] analyzing module Mem_out_blk_mem_gen_prim_width__parameterized1
INFO: [VRFC 10-311] analyzing module Mem_out_blk_mem_gen_prim_width__parameterized2
INFO: [VRFC 10-311] analyzing module Mem_out_blk_mem_gen_prim_wrapper
INFO: [VRFC 10-311] analyzing module Mem_out_blk_mem_gen_prim_wrapper__parameterized0
INFO: [VRFC 10-311] analyzing module Mem_out_blk_mem_gen_prim_wrapper__parameterized1
INFO: [VRFC 10-311] analyzing module Mem_out_blk_mem_gen_prim_wrapper__parameterized2
INFO: [VRFC 10-311] analyzing module Mem_out_blk_mem_gen_top
INFO: [VRFC 10-311] analyzing module Mem_out_blk_mem_gen_v8_4_1
INFO: [VRFC 10-311] analyzing module Mem_out_blk_mem_gen_v8_4_1_synth
INFO: [VRFC 10-311] analyzing module Memory_in_blk_mem_gen_generic_cstr
INFO: [VRFC 10-311] analyzing module Memory_in_blk_mem_gen_prim_width
INFO: [VRFC 10-311] analyzing module Memory_in_blk_mem_gen_prim_width__parameterized0
INFO: [VRFC 10-311] analyzing module Memory_in_blk_mem_gen_prim_wrapper_init
INFO: [VRFC 10-311] analyzing module Memory_in_blk_mem_gen_prim_wrapper_init__parameterized0
INFO: [VRFC 10-311] analyzing module Memory_in_blk_mem_gen_top
INFO: [VRFC 10-311] analyzing module Memory_in_blk_mem_gen_v8_4_1
INFO: [VRFC 10-311] analyzing module Memory_in_blk_mem_gen_v8_4_1_synth
INFO: [VRFC 10-311] analyzing module glbl
