
*** Running vivado
    with args -log ADDER_PROVA.vds -m64 -product Vivado -mode batch -messageDb vivado.pb -notrace -source ADDER_PROVA.tcl


****** Vivado v2017.4 (64-bit)
  **** SW Build 2086221 on Fri Dec 15 20:55:39 MST 2017
  **** IP Build 2085800 on Fri Dec 15 22:25:07 MST 2017
    ** Copyright 1986-2017 Xilinx, Inc. All Rights Reserved.

source ADDER_PROVA.tcl -notrace
Command: synth_design -top ADDER_PROVA -part xc7a100tcsg324-1 -mode out_of_context
Starting synth_design
Attempting to get a license for feature 'Synthesis' and/or device 'xc7a100t'
INFO: [Common 17-349] Got license for feature 'Synthesis' and/or device 'xc7a100t'
INFO: Launching helper process for spawning children vivado processes
INFO: Helper process launched with PID 4288 
---------------------------------------------------------------------------------
Starting RTL Elaboration : Time (s): cpu = 00:00:09 ; elapsed = 00:00:11 . Memory (MB): peak = 363.305 ; gain = 99.504
---------------------------------------------------------------------------------
INFO: [Synth 8-638] synthesizing module 'ADDER_PROVA' [c:/Users/Matteo/Desktop/Sistemi_Digitali/ConvSimd/ConvSimd.srcs/sources_1/ip/ADDER_PROVA/synth/ADDER_PROVA.vhd:68]
	Parameter C_VERBOSITY bound to: 0 - type: integer 
	Parameter C_XDEVICEFAMILY bound to: artix7 - type: string 
	Parameter C_IMPLEMENTATION bound to: 0 - type: integer 
	Parameter C_A_WIDTH bound to: 16 - type: integer 
	Parameter C_B_WIDTH bound to: 16 - type: integer 
	Parameter C_OUT_WIDTH bound to: 17 - type: integer 
	Parameter C_CE_OVERRIDES_SCLR bound to: 0 - type: integer 
	Parameter C_A_TYPE bound to: 1 - type: integer 
	Parameter C_B_TYPE bound to: 1 - type: integer 
	Parameter C_LATENCY bound to: 1 - type: integer 
	Parameter C_ADD_MODE bound to: 0 - type: integer 
	Parameter C_B_CONSTANT bound to: 0 - type: integer 
	Parameter C_B_VALUE bound to: 0000000000000000 - type: string 
	Parameter C_AINIT_VAL bound to: 0 - type: string 
	Parameter C_SINIT_VAL bound to: 0 - type: string 
	Parameter C_CE_OVERRIDES_BYPASS bound to: 1 - type: integer 
	Parameter C_BYPASS_LOW bound to: 0 - type: integer 
	Parameter C_SCLR_OVERRIDES_SSET bound to: 1 - type: integer 
	Parameter C_HAS_C_IN bound to: 0 - type: integer 
	Parameter C_HAS_C_OUT bound to: 0 - type: integer 
	Parameter C_BORROW_LOW bound to: 1 - type: integer 
	Parameter C_HAS_CE bound to: 0 - type: integer 
	Parameter C_HAS_BYPASS bound to: 0 - type: integer 
	Parameter C_HAS_SCLR bound to: 0 - type: integer 
	Parameter C_HAS_SSET bound to: 0 - type: integer 
	Parameter C_HAS_SINIT bound to: 0 - type: integer 
INFO: [Synth 8-3491] module 'c_addsub_v12_0_11' declared at 'c:/Users/Matteo/Desktop/Sistemi_Digitali/ConvSimd/ConvSimd.srcs/sources_1/ip/ADDER_PROVA/hdl/c_addsub_v12_0_vh_rfs.vhd:7026' bound to instance 'U0' of component 'c_addsub_v12_0_11' [c:/Users/Matteo/Desktop/Sistemi_Digitali/ConvSimd/ConvSimd.srcs/sources_1/ip/ADDER_PROVA/synth/ADDER_PROVA.vhd:133]
INFO: [Synth 8-256] done synthesizing module 'ADDER_PROVA' (7#1) [c:/Users/Matteo/Desktop/Sistemi_Digitali/ConvSimd/ConvSimd.srcs/sources_1/ip/ADDER_PROVA/synth/ADDER_PROVA.vhd:68]
WARNING: [Synth 8-3331] design c_reg_fd_v12_0_4_viv has unconnected port CE
WARNING: [Synth 8-3331] design c_reg_fd_v12_0_4_viv has unconnected port AINIT
WARNING: [Synth 8-3331] design c_reg_fd_v12_0_4_viv has unconnected port ACLR
WARNING: [Synth 8-3331] design c_reg_fd_v12_0_4_viv has unconnected port ASET
WARNING: [Synth 8-3331] design c_reg_fd_v12_0_4_viv has unconnected port SINIT
WARNING: [Synth 8-3331] design c_reg_fd_v12_0_4_viv has unconnected port SCLR
WARNING: [Synth 8-3331] design c_reg_fd_v12_0_4_viv has unconnected port SSET
WARNING: [Synth 8-3331] design c_addsub_v12_0_11_lut6_legacy has unconnected port add
WARNING: [Synth 8-3331] design c_addsub_v12_0_11_lut6_legacy has unconnected port c_in
WARNING: [Synth 8-3331] design c_addsub_v12_0_11_lut6_legacy has unconnected port ce
WARNING: [Synth 8-3331] design c_addsub_v12_0_11_lut6_legacy has unconnected port bypass
WARNING: [Synth 8-3331] design c_addsub_v12_0_11_lut6_legacy has unconnected port sclr
WARNING: [Synth 8-3331] design c_addsub_v12_0_11_lut6_legacy has unconnected port sset
WARNING: [Synth 8-3331] design c_addsub_v12_0_11_lut6_legacy has unconnected port sinit
WARNING: [Synth 8-3331] design c_addsub_v12_0_11_legacy has unconnected port c_in
WARNING: [Synth 8-3331] design c_addsub_v12_0_11_legacy has unconnected port b_in
WARNING: [Synth 8-3331] design c_addsub_v12_0_11_legacy has unconnected port a_signed
WARNING: [Synth 8-3331] design c_addsub_v12_0_11_legacy has unconnected port b_signed
WARNING: [Synth 8-3331] design c_addsub_v12_0_11_viv has unconnected port C_IN
---------------------------------------------------------------------------------
Finished RTL Elaboration : Time (s): cpu = 00:00:12 ; elapsed = 00:00:15 . Memory (MB): peak = 421.191 ; gain = 157.391
---------------------------------------------------------------------------------

Report Check Netlist: 
+------+------------------+-------+---------+-------+------------------+
|      |Item              |Errors |Warnings |Status |Description       |
+------+------------------+-------+---------+-------+------------------+
|1     |multi_driven_nets |      0|        0|Passed |Multi driven nets |
+------+------------------+-------+---------+-------+------------------+
---------------------------------------------------------------------------------
Finished RTL Optimization Phase 1 : Time (s): cpu = 00:00:13 ; elapsed = 00:00:15 . Memory (MB): peak = 421.191 ; gain = 157.391
---------------------------------------------------------------------------------
INFO: [Netlist 29-17] Analyzing 33 Unisim elements for replacement
INFO: [Netlist 29-28] Unisim Transformation completed in 0 CPU seconds
INFO: [Device 21-403] Loading part xc7a100tcsg324-1
INFO: [Project 1-570] Preparing netlist for logic optimization

Processing XDC Constraints
Initializing timing engine
Parsing XDC File [c:/Users/Matteo/Desktop/Sistemi_Digitali/ConvSimd/ConvSimd.srcs/sources_1/ip/ADDER_PROVA/ADDER_PROVA_ooc.xdc] for cell 'U0'
Finished Parsing XDC File [c:/Users/Matteo/Desktop/Sistemi_Digitali/ConvSimd/ConvSimd.srcs/sources_1/ip/ADDER_PROVA/ADDER_PROVA_ooc.xdc] for cell 'U0'
Parsing XDC File [C:/Users/Matteo/Desktop/Sistemi_Digitali/ConvSimd/ConvSimd.runs/ADDER_PROVA_synth_1/dont_touch.xdc]
Finished Parsing XDC File [C:/Users/Matteo/Desktop/Sistemi_Digitali/ConvSimd/ConvSimd.runs/ADDER_PROVA_synth_1/dont_touch.xdc]
Completed Processing XDC Constraints

INFO: [Project 1-111] Unisim Transformation Summary:
No Unisim elements were transformed.

Constraint Validation Runtime : Time (s): cpu = 00:00:00 ; elapsed = 00:00:00.162 . Memory (MB): peak = 731.102 ; gain = 0.000
---------------------------------------------------------------------------------
Finished Constraint Validation : Time (s): cpu = 00:00:28 ; elapsed = 00:00:33 . Memory (MB): peak = 731.102 ; gain = 467.301
---------------------------------------------------------------------------------
---------------------------------------------------------------------------------
Start Loading Part and Timing Information
---------------------------------------------------------------------------------
Loading part: xc7a100tcsg324-1
---------------------------------------------------------------------------------
Finished Loading Part and Timing Information : Time (s): cpu = 00:00:28 ; elapsed = 00:00:34 . Memory (MB): peak = 731.102 ; gain = 467.301
---------------------------------------------------------------------------------
---------------------------------------------------------------------------------
Start Applying 'set_property' XDC Constraints
---------------------------------------------------------------------------------
Applied set_property DONT_TOUCH = true for U0. (constraint file  C:/Users/Matteo/Desktop/Sistemi_Digitali/ConvSimd/ConvSimd.runs/ADDER_PROVA_synth_1/dont_touch.xdc, line 9).
---------------------------------------------------------------------------------
Finished applying 'set_property' XDC Constraints : Time (s): cpu = 00:00:28 ; elapsed = 00:00:34 . Memory (MB): peak = 731.102 ; gain = 467.301
---------------------------------------------------------------------------------
---------------------------------------------------------------------------------
Finished RTL Optimization Phase 2 : Time (s): cpu = 00:00:28 ; elapsed = 00:00:34 . Memory (MB): peak = 731.102 ; gain = 467.301
---------------------------------------------------------------------------------

Report RTL Partitions: 
+-+--------------+------------+----------+
| |RTL Partition |Replication |Instances |
+-+--------------+------------+----------+
+-+--------------+------------+----------+
---------------------------------------------------------------------------------
Start RTL Component Statistics 
---------------------------------------------------------------------------------
---------------------------------------------------------------------------------
Finished RTL Component Statistics 
---------------------------------------------------------------------------------
---------------------------------------------------------------------------------
Start RTL Hierarchical Component Statistics 
---------------------------------------------------------------------------------
---------------------------------------------------------------------------------
Finished RTL Hierarchical Component Statistics
---------------------------------------------------------------------------------
---------------------------------------------------------------------------------
Start Part Resource Summary
---------------------------------------------------------------------------------
Part Resources:
DSPs: 240 (col length:80)
BRAMs: 270 (col length: RAMB18 80 RAMB36 40)
---------------------------------------------------------------------------------
Finished Part Resource Summary
---------------------------------------------------------------------------------
---------------------------------------------------------------------------------
Start Cross Boundary and Area Optimization
---------------------------------------------------------------------------------
WARNING: [Synth 8-3331] design c_addsub_v12_0_11_viv has unconnected port ADD
WARNING: [Synth 8-3331] design c_addsub_v12_0_11_viv has unconnected port C_IN
WARNING: [Synth 8-3331] design c_addsub_v12_0_11_viv has unconnected port CE
WARNING: [Synth 8-3331] design c_addsub_v12_0_11_viv has unconnected port BYPASS
WARNING: [Synth 8-3331] design c_addsub_v12_0_11_viv has unconnected port SCLR
WARNING: [Synth 8-3331] design c_addsub_v12_0_11_viv has unconnected port SSET
WARNING: [Synth 8-3331] design c_addsub_v12_0_11_viv has unconnected port SINIT
---------------------------------------------------------------------------------
Finished Cross Boundary and Area Optimization : Time (s): cpu = 00:00:29 ; elapsed = 00:00:35 . Memory (MB): peak = 731.102 ; gain = 467.301
---------------------------------------------------------------------------------

Report RTL Partitions: 
+-+--------------+------------+----------+
| |RTL Partition |Replication |Instances |
+-+--------------+------------+----------+
+-+--------------+------------+----------+
---------------------------------------------------------------------------------
Start Applying XDC Timing Constraints
---------------------------------------------------------------------------------
---------------------------------------------------------------------------------
Finished Applying XDC Timing Constraints : Time (s): cpu = 00:00:41 ; elapsed = 00:00:47 . Memory (MB): peak = 756.062 ; gain = 492.262
---------------------------------------------------------------------------------
---------------------------------------------------------------------------------
Start Timing Optimization
---------------------------------------------------------------------------------
---------------------------------------------------------------------------------
Finished Timing Optimization : Time (s): cpu = 00:00:41 ; elapsed = 00:00:47 . Memory (MB): peak = 756.062 ; gain = 492.262
---------------------------------------------------------------------------------

Report RTL Partitions: 
+-+--------------+------------+----------+
| |RTL Partition |Replication |Instances |
+-+--------------+------------+----------+
+-+--------------+------------+----------+
---------------------------------------------------------------------------------
Start Technology Mapping
---------------------------------------------------------------------------------
---------------------------------------------------------------------------------
Finished Technology Mapping : Time (s): cpu = 00:00:41 ; elapsed = 00:00:47 . Memory (MB): peak = 775.633 ; gain = 511.832
---------------------------------------------------------------------------------

Report RTL Partitions: 
+-+--------------+------------+----------+
| |RTL Partition |Replication |Instances |
+-+--------------+------------+----------+
+-+--------------+------------+----------+
---------------------------------------------------------------------------------
Start IO Insertion
---------------------------------------------------------------------------------
---------------------------------------------------------------------------------
Start Flattening Before IO Insertion
---------------------------------------------------------------------------------
---------------------------------------------------------------------------------
Finished Flattening Before IO Insertion
---------------------------------------------------------------------------------
---------------------------------------------------------------------------------
Start Final Netlist Cleanup
---------------------------------------------------------------------------------
---------------------------------------------------------------------------------
Finished Final Netlist Cleanup
---------------------------------------------------------------------------------
---------------------------------------------------------------------------------
Finished IO Insertion : Time (s): cpu = 00:00:42 ; elapsed = 00:00:49 . Memory (MB): peak = 775.633 ; gain = 511.832
---------------------------------------------------------------------------------

Report Check Netlist: 
+------+------------------+-------+---------+-------+------------------+
|      |Item              |Errors |Warnings |Status |Description       |
+------+------------------+-------+---------+-------+------------------+
|1     |multi_driven_nets |      0|        0|Passed |Multi driven nets |
+------+------------------+-------+---------+-------+------------------+
---------------------------------------------------------------------------------
Start Renaming Generated Instances
---------------------------------------------------------------------------------
---------------------------------------------------------------------------------
Finished Renaming Generated Instances : Time (s): cpu = 00:00:42 ; elapsed = 00:00:49 . Memory (MB): peak = 775.633 ; gain = 511.832
---------------------------------------------------------------------------------

Report RTL Partitions: 
+-+--------------+------------+----------+
| |RTL Partition |Replication |Instances |
+-+--------------+------------+----------+
+-+--------------+------------+----------+
---------------------------------------------------------------------------------
Start Rebuilding User Hierarchy
---------------------------------------------------------------------------------
---------------------------------------------------------------------------------
Finished Rebuilding User Hierarchy : Time (s): cpu = 00:00:42 ; elapsed = 00:00:49 . Memory (MB): peak = 775.633 ; gain = 511.832
---------------------------------------------------------------------------------
---------------------------------------------------------------------------------
Start Renaming Generated Ports
---------------------------------------------------------------------------------
---------------------------------------------------------------------------------
Finished Renaming Generated Ports : Time (s): cpu = 00:00:42 ; elapsed = 00:00:49 . Memory (MB): peak = 775.633 ; gain = 511.832
---------------------------------------------------------------------------------
---------------------------------------------------------------------------------
Start Handling Custom Attributes
---------------------------------------------------------------------------------
---------------------------------------------------------------------------------
Finished Handling Custom Attributes : Time (s): cpu = 00:00:42 ; elapsed = 00:00:49 . Memory (MB): peak = 775.633 ; gain = 511.832
---------------------------------------------------------------------------------
---------------------------------------------------------------------------------
Start Renaming Generated Nets
---------------------------------------------------------------------------------
---------------------------------------------------------------------------------
Finished Renaming Generated Nets : Time (s): cpu = 00:00:42 ; elapsed = 00:00:49 . Memory (MB): peak = 775.633 ; gain = 511.832
---------------------------------------------------------------------------------
---------------------------------------------------------------------------------
Start Writing Synthesis Report
---------------------------------------------------------------------------------

Report BlackBoxes: 
+-+--------------+----------+
| |BlackBox name |Instances |
+-+--------------+----------+
+-+--------------+----------+

Report Cell Usage: 
+------+------+------+
|      |Cell  |Count |
+------+------+------+
|1     |LUT2  |    16|
|2     |MUXCY |    16|
|3     |XORCY |    17|
|4     |FDRE  |    17|
+------+------+------+
---------------------------------------------------------------------------------
Finished Writing Synthesis Report : Time (s): cpu = 00:00:42 ; elapsed = 00:00:49 . Memory (MB): peak = 775.633 ; gain = 511.832
---------------------------------------------------------------------------------
Synthesis finished with 0 errors, 0 critical warnings and 7 warnings.
Synthesis Optimization Runtime : Time (s): cpu = 00:00:21 ; elapsed = 00:00:39 . Memory (MB): peak = 775.633 ; gain = 201.922
Synthesis Optimization Complete : Time (s): cpu = 00:00:42 ; elapsed = 00:00:49 . Memory (MB): peak = 775.633 ; gain = 511.832
INFO: [Project 1-571] Translating synthesized netlist
INFO: [Netlist 29-17] Analyzing 33 Unisim elements for replacement
INFO: [Netlist 29-28] Unisim Transformation completed in 0 CPU seconds
INFO: [Project 1-570] Preparing netlist for logic optimization
INFO: [Opt 31-138] Pushed 0 inverter(s) to 0 load pin(s).
INFO: [Project 1-111] Unisim Transformation Summary:
  A total of 5 instances were transformed.
  (MUXCY,XORCY) => CARRY4: 5 instances

INFO: [Common 17-83] Releasing license: Synthesis
16 Infos, 26 Warnings, 0 Critical Warnings and 0 Errors encountered.
synth_design completed successfully
synth_design: Time (s): cpu = 00:00:45 ; elapsed = 00:00:52 . Memory (MB): peak = 778.727 ; gain = 526.422
INFO: [Common 17-1381] The checkpoint 'C:/Users/Matteo/Desktop/Sistemi_Digitali/ConvSimd/ConvSimd.runs/ADDER_PROVA_synth_1/ADDER_PROVA.dcp' has been generated.
